Using pre-set license
Built from '2021.3/staging' branch; Version is '2021.3.3f1 (af2e63e8f9bd) revision 11480675'; Using compiler version '192829333'; Build Type 'Release'
OS: 'Windows 10  (10.0.19044) 64bit Core' Language: 'ko' Physical Memory: 16057 MB
BatchMode: 1, IsHumanControllingUs: 0, StartBugReporterOnCrash: 0, Is64bit: 1, IsPro: 1

COMMAND LINE ARGUMENTS:
C:\Program Files\Unity\Hub\Editor\2021.3.3f1\Editor\Unity.exe
-adb2
-batchMode
-noUpm
-name
AssetImportWorker0
-projectPath
C:/Users/Hyang su Shin/Desktop/Game312 - Game Engine 2 - Advanced Gaming/Lab1-BobbleheadWars-2022
-logFile
Logs/AssetImportWorker0.log
-srvPort
50447
Successfully changed project path to: C:/Users/Hyang su Shin/Desktop/Game312 - Game Engine 2 - Advanced Gaming/Lab1-BobbleheadWars-2022
C:/Users/Hyang su Shin/Desktop/Game312 - Game Engine 2 - Advanced Gaming/Lab1-BobbleheadWars-2022
[UnityMemory] Configuration Parameters - Can be set up in boot.config
    "memorysetup-bucket-allocator-granularity=16"
    "memorysetup-bucket-allocator-bucket-count=8"
    "memorysetup-bucket-allocator-block-size=33554432"
    "memorysetup-bucket-allocator-block-count=8"
    "memorysetup-main-allocator-block-size=16777216"
    "memorysetup-thread-allocator-block-size=16777216"
    "memorysetup-gfx-main-allocator-block-size=16777216"
    "memorysetup-gfx-thread-allocator-block-size=16777216"
    "memorysetup-cache-allocator-block-size=4194304"
    "memorysetup-typetree-allocator-block-size=2097152"
    "memorysetup-profiler-bucket-allocator-granularity=16"
    "memorysetup-profiler-bucket-allocator-bucket-count=8"
    "memorysetup-profiler-bucket-allocator-block-size=33554432"
    "memorysetup-profiler-bucket-allocator-block-count=8"
    "memorysetup-profiler-allocator-block-size=16777216"
    "memorysetup-profiler-editor-allocator-block-size=1048576"
    "memorysetup-temp-allocator-size-main=16777216"
    "memorysetup-job-temp-allocator-block-size=2097152"
    "memorysetup-job-temp-allocator-block-size-background=1048576"
    "memorysetup-job-temp-allocator-reduction-small-platforms=262144"
    "memorysetup-temp-allocator-size-background-worker=32768"
    "memorysetup-temp-allocator-size-job-worker=262144"
    "memorysetup-temp-allocator-size-preload-manager=33554432"
    "memorysetup-temp-allocator-size-nav-mesh-worker=65536"
    "memorysetup-temp-allocator-size-audio-worker=65536"
    "memorysetup-temp-allocator-size-cloud-worker=32768"
    "memorysetup-temp-allocator-size-gi-baking-worker=262144"
    "memorysetup-temp-allocator-size-gfx=262144"
Refreshing native plugins compatible for Editor in 323.71 ms, found 3 plugins.
Preloading 0 native plugins for Editor in 0.00 ms.
Initialize engine version: 2021.3.3f1 (af2e63e8f9bd)
[Subsystems] Discovering subsystems at path C:/Program Files/Unity/Hub/Editor/2021.3.3f1/Editor/Data/Resources/UnitySubsystems
[Subsystems] Discovering subsystems at path C:/Users/Hyang su Shin/Desktop/Game312 - Game Engine 2 - Advanced Gaming/Lab1-BobbleheadWars-2022/Assets
GfxDevice: creating device client; threaded=0; jobified=0
Direct3D:
    Version:  Direct3D 11.0 [level 11.1]
    Renderer: NVIDIA GeForce MX450 (ID=0x1f97)
    Vendor:   NVIDIA
    VRAM:     1928 MB
    Driver:   27.21.14.5256
Initialize mono
Mono path[0] = 'C:/Program Files/Unity/Hub/Editor/2021.3.3f1/Editor/Data/Managed'
Mono path[1] = 'C:/Program Files/Unity/Hub/Editor/2021.3.3f1/Editor/Data/MonoBleedingEdge/lib/mono/unityjit-win32'
Mono config path = 'C:/Program Files/Unity/Hub/Editor/2021.3.3f1/Editor/Data/MonoBleedingEdge/etc'
Using monoOptions --debugger-agent=transport=dt_socket,embedding=1,server=y,suspend=n,address=127.0.0.1:56720
Begin MonoManager ReloadAssembly
Registering precompiled unity dll's ...
Register platform support module: C:/Program Files/Unity/Hub/Editor/2021.3.3f1/Editor/Data/PlaybackEngines/WindowsStandaloneSupport/UnityEditor.WindowsStandalone.Extensions.dll
Registered in 0.079479 seconds.
Native extension for WindowsStandalone target not found
Refreshing native plugins compatible for Editor in 308.27 ms, found 3 plugins.
Preloading 0 native plugins for Editor in 0.00 ms.
Mono: successfully reloaded assembly
- Completed reload, in  2.781 seconds
Domain Reload Profiling:
	ReloadAssembly (2783ms)
		BeginReloadAssembly (471ms)
			ExecutionOrderSort (0ms)
			DisableScriptedObjects (0ms)
			BackupInstance (0ms)
			ReleaseScriptingObjects (0ms)
			CreateAndSetChildDomain (3ms)
		EndReloadAssembly (1759ms)
			LoadAssemblies (454ms)
			RebuildTransferFunctionScriptingTraits (0ms)
			SetupTypeCache (415ms)
			ReleaseScriptCaches (0ms)
			RebuildScriptCaches (101ms)
			SetupLoadedEditorAssemblies (1045ms)
				LogAssemblyErrors (0ms)
				InitializePlatformSupportModulesInManaged (36ms)
				SetLoadedEditorAssemblies (1ms)
				RefreshPlugins (309ms)
				BeforeProcessingInitializeOnLoad (5ms)
				ProcessInitializeOnLoadAttributes (528ms)
				ProcessInitializeOnLoadMethodAttributes (165ms)
				AfterProcessingInitializeOnLoad (0ms)
				EditorAssembliesLoaded (0ms)
			ExecutionOrderSort2 (0ms)
			AwakeInstancesAfterBackupRestoration (0ms)
Platform modules already initialized, skipping
Registering precompiled user dll's ...
Registered in 0.041068 seconds.
Begin MonoManager ReloadAssembly
Symbol file LoadedFromMemory doesn't match image C:\Users\Hyang su Shin\Desktop\Game312 - Game Engine 2 - Advanced Gaming\Lab1-BobbleheadWars-2022\Library\PackageCache\com.unity.visualscripting@1.7.6\Editor\VisualScripting.Core\Dependencies\YamlDotNet\Unity.VisualScripting.YamlDotNet.dll
Symbol file LoadedFromMemory doesn't match image C:\Users\Hyang su Shin\Desktop\Game312 - Game Engine 2 - Advanced Gaming\Lab1-BobbleheadWars-2022\Library\PackageCache\com.unity.visualscripting@1.7.6\Editor\VisualScripting.Core\Dependencies\DotNetZip\Unity.VisualScripting.IonicZip.dll
Native extension for WindowsStandalone target not found
Refreshing native plugins compatible for Editor in 1.46 ms, found 3 plugins.
Preloading 0 native plugins for Editor in 0.00 ms.
Mono: successfully reloaded assembly
- Completed reload, in  4.054 seconds
Domain Reload Profiling:
	ReloadAssembly (4056ms)
		BeginReloadAssembly (476ms)
			ExecutionOrderSort (0ms)
			DisableScriptedObjects (23ms)
			BackupInstance (0ms)
			ReleaseScriptingObjects (0ms)
			CreateAndSetChildDomain (55ms)
		EndReloadAssembly (3038ms)
			LoadAssemblies (416ms)
			RebuildTransferFunctionScriptingTraits (0ms)
			SetupTypeCache (907ms)
			ReleaseScriptCaches (1ms)
			RebuildScriptCaches (176ms)
			SetupLoadedEditorAssemblies (1449ms)
				LogAssemblyErrors (0ms)
				InitializePlatformSupportModulesInManaged (31ms)
				SetLoadedEditorAssemblies (2ms)
				RefreshPlugins (2ms)
				BeforeProcessingInitializeOnLoad (369ms)
				ProcessInitializeOnLoadAttributes (868ms)
				ProcessInitializeOnLoadMethodAttributes (103ms)
				AfterProcessingInitializeOnLoad (74ms)
				EditorAssembliesLoaded (1ms)
			ExecutionOrderSort2 (0ms)
			AwakeInstancesAfterBackupRestoration (31ms)
Platform modules already initialized, skipping
========================================================================
Worker process is ready to serve import requests
Launched and connected shader compiler UnityShaderCompiler.exe after 0.18 seconds
Refreshing native plugins compatible for Editor in 1.77 ms, found 3 plugins.
Preloading 0 native plugins for Editor in 0.00 ms.
Unloading 3239 Unused Serialized files (Serialized files now loaded: 0)
Unloading 23 unused Assets / (56.1 KB). Loaded Objects now: 3699.
Memory consumption went from 112.3 MB to 112.2 MB.
Total: 10.927900 ms (FindLiveObjects: 0.513700 ms CreateObjectMapping: 0.253700 ms MarkObjects: 9.959400 ms  DeleteObjects: 0.197900 ms)

AssetImportParameters requested are different than current active one (requested -> active):
  custom:video-decoder-ogg-theora: a1e56fd34408186e4bbccfd4996cb3dc -> 
  custom:container-muxer-webm: aa71ff27fc2769a1b78a27578f13a17b -> 
  custom:container-demuxer-webm: 4f35f7cbe854078d1ac9338744f61a02 -> 
  custom:video-encoder-webm-vp8: eb34c28f22e8b96e1ab97ce403110664 -> 
  custom:video-codec-MediaFoundation-h265: 746d11721c4dcdbdad8f713fa42b33f4 -> 
  custom:audio-encoder-webm-vorbis: bf7c407c2cedff20999df2af8eb42d56 -> 
  custom:framework-win-MediaFoundation: 216162199b28c13a410421893ffa2e32 -> 
  custom:container-demuxer-ogg: 62fdf1f143b41e24485cea50d1cbac27 -> 
  custom:video-decoder-webm-vp8: 9c59270c3fd7afecdb556c50c9e8de78 -> 
  custom:audio-decoder-ogg-vorbis: bf7c407c2cedff20999df2af8eb42d56 -> 
========================================================================
Received Import Request.
  Time since last request: 5034.607812 seconds.
  path: Assets/Scripts
  artifactKey: Guid(3a703b16f7241934fb33d70dec18d3be) Importer(815301076,1909f56bfc062723c751e8b465ee728b)
Start importing Assets/Scripts using Guid(3a703b16f7241934fb33d70dec18d3be) Importer(815301076,1909f56bfc062723c751e8b465ee728b)  -> (artifact id: '49657fc0d44c9c392617498097ab8e86') in 0.026066 seconds 
========================================================================
Received Import Request.
  Time since last request: 7.170981 seconds.
  path: Assets/Scripts 1
  artifactKey: Guid(e51a83956b526f04e9d6fdcddce3c70b) Importer(815301076,1909f56bfc062723c751e8b465ee728b)
Start importing Assets/Scripts 1 using Guid(e51a83956b526f04e9d6fdcddce3c70b) Importer(815301076,1909f56bfc062723c751e8b465ee728b)  -> (artifact id: 'd6c84bbdbfb42d9af5b0bb0537ceb235') in 0.009438 seconds 
========================================================================
Received Import Request.
  Time since last request: 8.376852 seconds.
  path: Assets/Materials
  artifactKey: Guid(e51a83956b526f04e9d6fdcddce3c70b) Importer(815301076,1909f56bfc062723c751e8b465ee728b)
Start importing Assets/Materials using Guid(e51a83956b526f04e9d6fdcddce3c70b) Importer(815301076,1909f56bfc062723c751e8b465ee728b)  -> (artifact id: '2701401b1ed32a9af1a00ca56609fecc') in 0.008957 seconds 
========================================================================
Received Import Request.
  Time since last request: 3.217324 seconds.
  path: Assets/Materials 1
  artifactKey: Guid(13cd40f22be08e04da3d3b9f4ad97221) Importer(815301076,1909f56bfc062723c751e8b465ee728b)
Start importing Assets/Materials 1 using Guid(13cd40f22be08e04da3d3b9f4ad97221) Importer(815301076,1909f56bfc062723c751e8b465ee728b)  -> (artifact id: '7b651618bbecf5a6a665bdba95ce6e42') in 0.006154 seconds 
========================================================================
Received Import Request.
  Time since last request: 5.541696 seconds.
  path: Assets/Models
  artifactKey: Guid(13cd40f22be08e04da3d3b9f4ad97221) Importer(815301076,1909f56bfc062723c751e8b465ee728b)
Start importing Assets/Models using Guid(13cd40f22be08e04da3d3b9f4ad97221) Importer(815301076,1909f56bfc062723c751e8b465ee728b)  -> (artifact id: 'df9e60de199c0c59482a30f897efd1bb') in 0.008776 seconds 
========================================================================
Received Import Request.
  Time since last request: 15.012553 seconds.
  path: Assets/Scripts 1
  artifactKey: Guid(d361d61af0e29f44fb52238bfae5cafa) Importer(815301076,1909f56bfc062723c751e8b465ee728b)
Start importing Assets/Scripts 1 using Guid(d361d61af0e29f44fb52238bfae5cafa) Importer(815301076,1909f56bfc062723c751e8b465ee728b)  -> (artifact id: '16081b48e20f6793a9af2ed5337c9d0f') in 0.008288 seconds 
========================================================================
Received Import Request.
  Time since last request: 5.775068 seconds.
  path: Assets/Animations
  artifactKey: Guid(d361d61af0e29f44fb52238bfae5cafa) Importer(815301076,1909f56bfc062723c751e8b465ee728b)
Start importing Assets/Animations using Guid(d361d61af0e29f44fb52238bfae5cafa) Importer(815301076,1909f56bfc062723c751e8b465ee728b)  -> (artifact id: 'a2749900839401c0a9e67a5cf3606e43') in 0.010101 seconds 
========================================================================
Received Import Request.
  Time since last request: 40.497937 seconds.
  path: Assets/Prefabs
  artifactKey: Guid(d5af6a00a0846284a94611c9b3ec3c30) Importer(815301076,1909f56bfc062723c751e8b465ee728b)
Start importing Assets/Prefabs using Guid(d5af6a00a0846284a94611c9b3ec3c30) Importer(815301076,1909f56bfc062723c751e8b465ee728b)  -> (artifact id: '5598c5a4afccf4e64666e92bee0ff630') in 0.008044 seconds 
========================================================================
Received Import Request.
  Time since last request: 2.035598 seconds.
  path: Assets/Prefabs 1
  artifactKey: Guid(cfa3b214a06a8ee45bf448d425884148) Importer(815301076,1909f56bfc062723c751e8b465ee728b)
Start importing Assets/Prefabs 1 using Guid(cfa3b214a06a8ee45bf448d425884148) Importer(815301076,1909f56bfc062723c751e8b465ee728b)  -> (artifact id: 'f767d4ad9fee4843092e83cbbea834c3') in 0.008407 seconds 
========================================================================
Received Import Request.
  Time since last request: 7.835381 seconds.
  path: Assets/Presets
  artifactKey: Guid(cfa3b214a06a8ee45bf448d425884148) Importer(815301076,1909f56bfc062723c751e8b465ee728b)
Start importing Assets/Presets using Guid(cfa3b214a06a8ee45bf448d425884148) Importer(815301076,1909f56bfc062723c751e8b465ee728b)  -> (artifact id: '12baa117714307472947f1de4f89ab59') in 0.007914 seconds 
========================================================================
Received Import Request.
  Time since last request: 3.608488 seconds.
  path: Assets/Presets 1
  artifactKey: Guid(544b0bd152f4b91439350dd07cc08a10) Importer(815301076,1909f56bfc062723c751e8b465ee728b)
Start importing Assets/Presets 1 using Guid(544b0bd152f4b91439350dd07cc08a10) Importer(815301076,1909f56bfc062723c751e8b465ee728b)  -> (artifact id: 'f28e8ac734a4c294284d11e8dd89d518') in 0.007231 seconds 
========================================================================
Received Import Request.
  Time since last request: 5.660049 seconds.
  path: Assets/Textures
  artifactKey: Guid(544b0bd152f4b91439350dd07cc08a10) Importer(815301076,1909f56bfc062723c751e8b465ee728b)
Start importing Assets/Textures using Guid(544b0bd152f4b91439350dd07cc08a10) Importer(815301076,1909f56bfc062723c751e8b465ee728b)  -> (artifact id: '8739c2faa6ce1685f30e2961321d0f98') in 0.011548 seconds 
========================================================================
Received Import Request.
  Time since last request: 213.562948 seconds.
  path: Assets/Scenes/Main.unity
  artifactKey: Guid(99c9720ab356a0642a771bea13969a05) Importer(815301076,1909f56bfc062723c751e8b465ee728b)
Start importing Assets/Scenes/Main.unity using Guid(99c9720ab356a0642a771bea13969a05) Importer(815301076,1909f56bfc062723c751e8b465ee728b)  -> (artifact id: 'cd938c14a06c1490eee012bb182f0824') in 0.009157 seconds 
========================================================================
Received Import Request.
  Time since last request: 494.918415 seconds.
  path: Assets/Models/Bobble Wars Marine texture.psd
  artifactKey: Guid(e5ff259ef37c71643b5e201b493d99a7) Importer(815301076,1909f56bfc062723c751e8b465ee728b)
Start importing Assets/Models/Bobble Wars Marine texture.psd using Guid(e5ff259ef37c71643b5e201b493d99a7) Importer(815301076,1909f56bfc062723c751e8b465ee728b)  -> (artifact id: 'fc7d243b3df8767f03364bb6917552ba') in 0.163604 seconds 
========================================================================
Received Import Request.
  Time since last request: 95.169504 seconds.
  path: Assets/Models/BobbleMarine-Body.fbx
  artifactKey: Guid(90b1e0974eee2f340b176150eac2f914) Importer(815301076,1909f56bfc062723c751e8b465ee728b)
Start importing Assets/Models/BobbleMarine-Body.fbx using Guid(90b1e0974eee2f340b176150eac2f914) Importer(815301076,1909f56bfc062723c751e8b465ee728b)  -> (artifact id: '897d4cd46d14e088ed6dc37f0a82757f') in 1.317313 seconds 
========================================================================
Received Prepare
Registering precompiled user dll's ...
Registered in 0.034884 seconds.
Begin MonoManager ReloadAssembly
Symbol file LoadedFromMemory doesn't match image C:\Users\Hyang su Shin\Desktop\Game312 - Game Engine 2 - Advanced Gaming\Lab1-BobbleheadWars-2022\Library\PackageCache\com.unity.visualscripting@1.7.6\Editor\VisualScripting.Core\Dependencies\YamlDotNet\Unity.VisualScripting.YamlDotNet.dll
Symbol file LoadedFromMemory doesn't match image C:\Users\Hyang su Shin\Desktop\Game312 - Game Engine 2 - Advanced Gaming\Lab1-BobbleheadWars-2022\Library\PackageCache\com.unity.visualscripting@1.7.6\Editor\VisualScripting.Core\Dependencies\DotNetZip\Unity.VisualScripting.IonicZip.dll
Native extension for WindowsStandalone target not found
Refreshing native plugins compatible for Editor in 2.07 ms, found 3 plugins.
Preloading 0 native plugins for Editor in 0.00 ms.
Mono: successfully reloaded assembly
- Completed reload, in  3.828 seconds
Domain Reload Profiling:
	ReloadAssembly (3831ms)
		BeginReloadAssembly (544ms)
			ExecutionOrderSort (0ms)
			DisableScriptedObjects (13ms)
			BackupInstance (0ms)
			ReleaseScriptingObjects (0ms)
			CreateAndSetChildDomain (117ms)
		EndReloadAssembly (2858ms)
			LoadAssemblies (435ms)
			RebuildTransferFunctionScriptingTraits (0ms)
			SetupTypeCache (820ms)
			ReleaseScriptCaches (4ms)
			RebuildScriptCaches (194ms)
			SetupLoadedEditorAssemblies (1378ms)
				LogAssemblyErrors (0ms)
				InitializePlatformSupportModulesInManaged (62ms)
				SetLoadedEditorAssemblies (2ms)
				RefreshPlugins (2ms)
				BeforeProcessingInitializeOnLoad (385ms)
				ProcessInitializeOnLoadAttributes (751ms)
				ProcessInitializeOnLoadMethodAttributes (98ms)
				AfterProcessingInitializeOnLoad (77ms)
				EditorAssembliesLoaded (1ms)
			ExecutionOrderSort2 (0ms)
			AwakeInstancesAfterBackupRestoration (24ms)
Platform modules already initialized, skipping
Refreshing native plugins compatible for Editor in 7.00 ms, found 3 plugins.
Preloading 0 native plugins for Editor in 0.00 ms.
Unloading 3235 Unused Serialized files (Serialized files now loaded: 0)
Unloading 16 unused Assets / (24.6 KB). Loaded Objects now: 3749.
Memory consumption went from 117.0 MB to 117.0 MB.
Total: 7.364200 ms (FindLiveObjects: 0.400000 ms CreateObjectMapping: 0.265900 ms MarkObjects: 6.671100 ms  DeleteObjects: 0.025200 ms)

AssetImportParameters requested are different than current active one (requested -> active):
  custom:video-decoder-ogg-theora: a1e56fd34408186e4bbccfd4996cb3dc -> 
  custom:container-muxer-webm: aa71ff27fc2769a1b78a27578f13a17b -> 
  custom:container-demuxer-webm: 4f35f7cbe854078d1ac9338744f61a02 -> 
  custom:video-encoder-webm-vp8: eb34c28f22e8b96e1ab97ce403110664 -> 
  custom:video-codec-MediaFoundation-h265: 746d11721c4dcdbdad8f713fa42b33f4 -> 
  custom:audio-encoder-webm-vorbis: bf7c407c2cedff20999df2af8eb42d56 -> 
  custom:framework-win-MediaFoundation: 216162199b28c13a410421893ffa2e32 -> 
  custom:container-demuxer-ogg: 62fdf1f143b41e24485cea50d1cbac27 -> 
  custom:video-decoder-webm-vp8: 9c59270c3fd7afecdb556c50c9e8de78 -> 
  custom:audio-decoder-ogg-vorbis: bf7c407c2cedff20999df2af8eb42d56 -> 
========================================================================
Received Import Request.
  Time since last request: 1383.045043 seconds.
  path: Assets/Materials/Import
  artifactKey: Guid(d614fe2695897d5438f7118fbb82f90d) Importer(815301076,1909f56bfc062723c751e8b465ee728b)
Start importing Assets/Materials/Import using Guid(d614fe2695897d5438f7118fbb82f90d) Importer(815301076,1909f56bfc062723c751e8b465ee728b)  -> (artifact id: '966ace7a3ab216e3994cf9ed42e811b1') in 0.036705 seconds 
========================================================================
Received Import Request.
  Time since last request: 105.028376 seconds.
  path: Assets/Models/Materials
  artifactKey: Guid(1989d975edab2441580c755665b4b3a1) Importer(815301076,1909f56bfc062723c751e8b465ee728b)
Start importing Assets/Models/Materials using Guid(1989d975edab2441580c755665b4b3a1) Importer(815301076,1909f56bfc062723c751e8b465ee728b)  -> (artifact id: '1dbeb8c4c9993074a25835060fb639ce') in 0.007351 seconds 
========================================================================
Received Import Request.
  Time since last request: 11.070384 seconds.
  path: Assets/Models/Models
  artifactKey: Guid(1989d975edab2441580c755665b4b3a1) Importer(815301076,1909f56bfc062723c751e8b465ee728b)
Start importing Assets/Models/Models using Guid(1989d975edab2441580c755665b4b3a1) Importer(815301076,1909f56bfc062723c751e8b465ee728b)  -> (artifact id: '551e06fdc888070657094308868c97bd') in 0.009507 seconds 
